<?xml version="1.0" encoding="UTF-8"?>
<!-- Generated by org.testng.reporters.JUnitXMLReporter -->
<testsuite ignored="0" hostname="LAPTOP-50IFFU53" failures="0" tests="3" name="Default test" time="100.052" errors="0" timestamp="2022-10-26T12:51:09 IST">
  <testcase classname="test.ProjectNameLoginTest" name="logintest" time="31.346"/>
  <testcase classname="test.ProjectNameLoginTest" name="loginwithOTP" time="0.979"/>
  <testcase classname="test.ProjectNameLoginTest" name="signinwithgoogle" time="13.802"/>
</testsuite> <!-- Default test -->
